[2016-12-20 00:00:38,325] INFO Deleting segment 912806 from log test-1. (kafka.log.Log)
[2016-12-20 00:00:38,326] INFO Deleting segment 912788 from log test-4. (kafka.log.Log)
[2016-12-20 00:00:38,327] INFO Deleting index /tmp/kafka-logs/test-4/00000000000000912788.index.deleted (kafka.log.OffsetIndex)
[2016-12-20 00:00:38,328] INFO Deleting index /tmp/kafka-logs/test-4/00000000000000912788.timeindex.deleted (kafka.log.TimeIndex)
[2016-12-20 00:00:38,329] INFO Deleting index /tmp/kafka-logs/test-1/00000000000000912806.index.deleted (kafka.log.OffsetIndex)
[2016-12-20 00:00:38,329] INFO Deleting index /tmp/kafka-logs/test-1/00000000000000912806.timeindex.deleted (kafka.log.TimeIndex)
[2016-12-20 00:02:15,918] INFO Rolled new log segment for 'test-5' in 1 ms. (kafka.log.Log)
[2016-12-20 00:02:16,069] INFO Rolled new log segment for 'test-0' in 1 ms. (kafka.log.Log)
[2016-12-20 00:02:18,323] INFO Scheduling log segment 924449 for log test-0 for deletion. (kafka.log.Log)
[2016-12-20 00:02:18,324] INFO Scheduling log segment 924414 for log test-5 for deletion. (kafka.log.Log)
[2016-12-20 00:03:18,324] INFO Deleting segment 924449 from log test-0. (kafka.log.Log)
[2016-12-20 00:03:18,326] INFO Deleting segment 924414 from log test-5. (kafka.log.Log)
[2016-12-20 00:03:18,326] INFO Deleting index /tmp/kafka-logs/test-0/00000000000000924449.index.deleted (kafka.log.OffsetIndex)
[2016-12-20 00:03:18,327] INFO Deleting index /tmp/kafka-logs/test-0/00000000000000924449.timeindex.deleted (kafka.log.TimeIndex)
[2016-12-20 00:03:18,328] INFO Deleting index /tmp/kafka-logs/test-5/00000000000000924414.index.deleted (kafka.log.OffsetIndex)
[2016-12-20 00:03:18,329] INFO Deleting index /tmp/kafka-logs/test-5/00000000000000924414.timeindex.deleted (kafka.log.TimeIndex)
[2016-12-20 00:03:23,109] INFO Rolled new log segment for 'test-4' in 0 ms. (kafka.log.Log)
[2016-12-20 00:03:23,748] INFO Rolled new log segment for 'test-1' in 5 ms. (kafka.log.Log)
[2016-12-20 00:03:28,323] INFO Scheduling log segment 924424 for log test-1 for deletion. (kafka.log.Log)
[2016-12-20 00:03:28,324] INFO Scheduling log segment 924408 for log test-4 for deletion. (kafka.log.Log)
[2016-12-20 00:04:28,324] INFO Deleting segment 924424 from log test-1. (kafka.log.Log)
[2016-12-20 00:04:28,325] INFO Deleting segment 924408 from log test-4. (kafka.log.Log)
[2016-12-20 00:04:28,326] INFO Deleting index /tmp/kafka-logs/test-1/00000000000000924424.index.deleted (kafka.log.OffsetIndex)
[2016-12-20 00:04:28,326] INFO Deleting index /tmp/kafka-logs/test-1/00000000000000924424.timeindex.deleted (kafka.log.TimeIndex)
[2016-12-20 00:04:28,328] INFO Deleting index /tmp/kafka-logs/test-4/00000000000000924408.index.deleted (kafka.log.OffsetIndex)
[2016-12-20 00:04:28,328] INFO Deleting index /tmp/kafka-logs/test-4/00000000000000924408.timeindex.deleted (kafka.log.TimeIndex)
[2016-12-20 00:06:08,926] INFO Rolled new log segment for 'test-0' in 8 ms. (kafka.log.Log)
[2016-12-20 00:06:08,955] INFO Rolled new log segment for 'test-5' in 1 ms. (kafka.log.Log)
[2016-12-20 00:06:18,323] INFO Scheduling log segment 936084 for log test-0 for deletion. (kafka.log.Log)
[2016-12-20 00:06:18,324] INFO Scheduling log segment 936034 for log test-5 for deletion. (kafka.log.Log)
[2016-12-20 00:07:15,796] INFO Rolled new log segment for 'test-4' in 0 ms. (kafka.log.Log)
[2016-12-20 00:07:16,648] INFO Rolled new log segment for 'test-1' in 3 ms. (kafka.log.Log)
[2016-12-20 00:07:18,323] INFO Scheduling log segment 936050 for log test-1 for deletion. (kafka.log.Log)
[2016-12-20 00:07:18,327] INFO Deleting segment 936084 from log test-0. (kafka.log.Log)
[2016-12-20 00:07:18,327] INFO Deleting segment 936034 from log test-5. (kafka.log.Log)
[2016-12-20 00:07:18,327] INFO Deleting index /tmp/kafka-logs/test-5/00000000000000936034.index.deleted (kafka.log.OffsetIndex)
[2016-12-20 00:07:18,327] INFO Deleting index /tmp/kafka-logs/test-5/00000000000000936034.timeindex.deleted (kafka.log.TimeIndex)
[2016-12-20 00:07:18,331] INFO Deleting index /tmp/kafka-logs/test-0/00000000000000936084.index.deleted (kafka.log.OffsetIndex)
[2016-12-20 00:07:18,331] INFO Deleting index /tmp/kafka-logs/test-0/00000000000000936084.timeindex.deleted (kafka.log.TimeIndex)
[2016-12-20 00:07:18,331] INFO Scheduling log segment 936033 for log test-4 for deletion. (kafka.log.Log)
[2016-12-20 00:08:18,331] INFO Deleting segment 936050 from log test-1. (kafka.log.Log)
[2016-12-20 00:08:18,332] INFO Deleting segment 936033 from log test-4. (kafka.log.Log)
[2016-12-20 00:08:18,333] INFO Deleting index /tmp/kafka-logs/test-1/00000000000000936050.index.deleted (kafka.log.OffsetIndex)
[2016-12-20 00:08:18,333] INFO Deleting index /tmp/kafka-logs/test-1/00000000000000936050.timeindex.deleted (kafka.log.TimeIndex)
[2016-12-20 00:08:18,335] INFO Deleting index /tmp/kafka-logs/test-4/00000000000000936033.index.deleted (kafka.log.OffsetIndex)
[2016-12-20 00:08:18,336] INFO Deleting index /tmp/kafka-logs/test-4/00000000000000936033.timeindex.deleted (kafka.log.TimeIndex)
[2016-12-20 00:09:28,693] INFO [Group Metadata Manager on Broker 2]: Removed 0 expired offsets in 0 milliseconds. (kafka.coordinator.GroupMetadataManager)
[2016-12-20 00:10:01,166] INFO Rolled new log segment for 'test-0' in 1 ms. (kafka.log.Log)
[2016-12-20 00:10:01,442] INFO Rolled new log segment for 'test-5' in 1 ms. (kafka.log.Log)
[2016-12-20 00:10:08,323] INFO Scheduling log segment 947710 for log test-0 for deletion. (kafka.log.Log)
[2016-12-20 00:10:08,324] INFO Scheduling log segment 947667 for log test-5 for deletion. (kafka.log.Log)
[2016-12-20 00:11:08,324] INFO Deleting segment 947710 from log test-0. (kafka.log.Log)
[2016-12-20 00:11:08,325] INFO Deleting segment 947667 from log test-5. (kafka.log.Log)
[2016-12-20 00:11:08,325] INFO Deleting index /tmp/kafka-logs/test-0/00000000000000947710.index.deleted (kafka.log.OffsetIndex)
[2016-12-20 00:11:08,326] INFO Deleting index /tmp/kafka-logs/test-0/00000000000000947710.timeindex.deleted (kafka.log.TimeIndex)
[2016-12-20 00:11:08,327] INFO Deleting index /tmp/kafka-logs/test-5/00000000000000947667.index.deleted (kafka.log.OffsetIndex)
[2016-12-20 00:11:08,328] INFO Deleting index /tmp/kafka-logs/test-5/00000000000000947667.timeindex.deleted (kafka.log.TimeIndex)
[2016-12-20 00:11:10,684] INFO Rolled new log segment for 'test-4' in 1 ms. (kafka.log.Log)
[2016-12-20 00:11:11,206] INFO Rolled new log segment for 'test-1' in 2 ms. (kafka.log.Log)
[2016-12-20 00:11:18,323] INFO Scheduling log segment 947675 for log test-1 for deletion. (kafka.log.Log)
[2016-12-20 00:11:18,324] INFO Scheduling log segment 947658 for log test-4 for deletion. (kafka.log.Log)
