[2016-12-20 00:00:38,569] INFO Deleting segment 912788 from log test-4. (kafka.log.Log)
[2016-12-20 00:00:38,572] INFO Deleting index /tmp/kafka-logs/test-4/00000000000000912788.index.deleted (kafka.log.OffsetIndex)
[2016-12-20 00:00:38,573] INFO Deleting index /tmp/kafka-logs/test-4/00000000000000912788.timeindex.deleted (kafka.log.TimeIndex)
[2016-12-20 00:02:15,930] INFO Rolled new log segment for 'test-2' in 1 ms. (kafka.log.Log)
[2016-12-20 00:02:16,065] INFO Rolled new log segment for 'test-0' in 1 ms. (kafka.log.Log)
[2016-12-20 00:02:17,155] INFO Rolled new log segment for 'test-3' in 0 ms. (kafka.log.Log)
[2016-12-20 00:02:18,567] INFO Scheduling log segment 924414 for log test-2 for deletion. (kafka.log.Log)
[2016-12-20 00:02:18,568] INFO Scheduling log segment 924449 for log test-0 for deletion. (kafka.log.Log)
[2016-12-20 00:02:28,567] INFO Scheduling log segment 924468 for log test-3 for deletion. (kafka.log.Log)
[2016-12-20 00:03:18,568] INFO Deleting segment 924414 from log test-2. (kafka.log.Log)
[2016-12-20 00:03:18,570] INFO Deleting segment 924449 from log test-0. (kafka.log.Log)
[2016-12-20 00:03:18,573] INFO Deleting index /tmp/kafka-logs/test-0/00000000000000924449.index.deleted (kafka.log.OffsetIndex)
[2016-12-20 00:03:18,581] INFO Deleting index /tmp/kafka-logs/test-0/00000000000000924449.timeindex.deleted (kafka.log.TimeIndex)
[2016-12-20 00:03:18,582] INFO Deleting index /tmp/kafka-logs/test-2/00000000000000924414.index.deleted (kafka.log.OffsetIndex)
[2016-12-20 00:03:18,593] INFO Deleting index /tmp/kafka-logs/test-2/00000000000000924414.timeindex.deleted (kafka.log.TimeIndex)
[2016-12-20 00:03:23,119] INFO Rolled new log segment for 'test-4' in 2 ms. (kafka.log.Log)
[2016-12-20 00:03:28,567] INFO Scheduling log segment 924408 for log test-4 for deletion. (kafka.log.Log)
[2016-12-20 00:03:28,570] INFO Deleting segment 924468 from log test-3. (kafka.log.Log)
[2016-12-20 00:03:28,571] INFO Deleting index /tmp/kafka-logs/test-3/00000000000000924468.index.deleted (kafka.log.OffsetIndex)
[2016-12-20 00:03:28,572] INFO Deleting index /tmp/kafka-logs/test-3/00000000000000924468.timeindex.deleted (kafka.log.TimeIndex)
[2016-12-20 00:04:28,570] INFO Deleting segment 924408 from log test-4. (kafka.log.Log)
[2016-12-20 00:04:28,574] INFO Deleting index /tmp/kafka-logs/test-4/00000000000000924408.index.deleted (kafka.log.OffsetIndex)
[2016-12-20 00:04:28,574] INFO Deleting index /tmp/kafka-logs/test-4/00000000000000924408.timeindex.deleted (kafka.log.TimeIndex)
[2016-12-20 00:04:58,972] INFO [Group Metadata Manager on Broker 1]: Removed 0 expired offsets in 0 milliseconds. (kafka.coordinator.GroupMetadataManager)
[2016-12-20 00:06:08,896] INFO Rolled new log segment for 'test-0' in 9 ms. (kafka.log.Log)
[2016-12-20 00:06:08,956] INFO Rolled new log segment for 'test-2' in 2 ms. (kafka.log.Log)
[2016-12-20 00:06:09,919] INFO Rolled new log segment for 'test-3' in 3 ms. (kafka.log.Log)
[2016-12-20 00:06:18,567] INFO Scheduling log segment 936034 for log test-2 for deletion. (kafka.log.Log)
[2016-12-20 00:06:18,570] INFO Scheduling log segment 936084 for log test-0 for deletion. (kafka.log.Log)
[2016-12-20 00:06:18,571] INFO Scheduling log segment 936102 for log test-3 for deletion. (kafka.log.Log)
[2016-12-20 00:07:15,802] INFO Rolled new log segment for 'test-4' in 1 ms. (kafka.log.Log)
[2016-12-20 00:07:18,567] INFO Scheduling log segment 936033 for log test-4 for deletion. (kafka.log.Log)
[2016-12-20 00:07:18,570] INFO Deleting segment 936034 from log test-2. (kafka.log.Log)
[2016-12-20 00:07:18,571] INFO Deleting segment 936084 from log test-0. (kafka.log.Log)
[2016-12-20 00:07:18,571] INFO Deleting index /tmp/kafka-logs/test-2/00000000000000936034.index.deleted (kafka.log.OffsetIndex)
[2016-12-20 00:07:18,572] INFO Deleting segment 936102 from log test-3. (kafka.log.Log)
[2016-12-20 00:07:18,572] INFO Deleting index /tmp/kafka-logs/test-2/00000000000000936034.timeindex.deleted (kafka.log.TimeIndex)
[2016-12-20 00:07:18,573] INFO Deleting index /tmp/kafka-logs/test-0/00000000000000936084.index.deleted (kafka.log.OffsetIndex)
[2016-12-20 00:07:18,574] INFO Deleting index /tmp/kafka-logs/test-0/00000000000000936084.timeindex.deleted (kafka.log.TimeIndex)
[2016-12-20 00:07:18,574] INFO Deleting index /tmp/kafka-logs/test-3/00000000000000936102.index.deleted (kafka.log.OffsetIndex)
[2016-12-20 00:07:18,574] INFO Deleting index /tmp/kafka-logs/test-3/00000000000000936102.timeindex.deleted (kafka.log.TimeIndex)
[2016-12-20 00:08:18,568] INFO Deleting segment 936033 from log test-4. (kafka.log.Log)
[2016-12-20 00:08:18,569] INFO Deleting index /tmp/kafka-logs/test-4/00000000000000936033.index.deleted (kafka.log.OffsetIndex)
[2016-12-20 00:08:18,569] INFO Deleting index /tmp/kafka-logs/test-4/00000000000000936033.timeindex.deleted (kafka.log.TimeIndex)
[2016-12-20 00:10:01,159] INFO Rolled new log segment for 'test-0' in 3 ms. (kafka.log.Log)
[2016-12-20 00:10:01,437] INFO Rolled new log segment for 'test-2' in 1 ms. (kafka.log.Log)
[2016-12-20 00:10:02,157] INFO Rolled new log segment for 'test-3' in 1 ms. (kafka.log.Log)
[2016-12-20 00:10:08,567] INFO Scheduling log segment 947666 for log test-2 for deletion. (kafka.log.Log)
[2016-12-20 00:10:08,567] INFO Scheduling log segment 947710 for log test-0 for deletion. (kafka.log.Log)
[2016-12-20 00:10:08,568] INFO Scheduling log segment 947731 for log test-3 for deletion. (kafka.log.Log)
[2016-12-20 00:11:08,568] INFO Deleting segment 947666 from log test-2. (kafka.log.Log)
[2016-12-20 00:11:08,568] INFO Deleting segment 947710 from log test-0. (kafka.log.Log)
[2016-12-20 00:11:08,568] INFO Deleting segment 947731 from log test-3. (kafka.log.Log)
[2016-12-20 00:11:08,569] INFO Deleting index /tmp/kafka-logs/test-2/00000000000000947666.index.deleted (kafka.log.OffsetIndex)
[2016-12-20 00:11:08,569] INFO Deleting index /tmp/kafka-logs/test-2/00000000000000947666.timeindex.deleted (kafka.log.TimeIndex)
[2016-12-20 00:11:08,570] INFO Deleting index /tmp/kafka-logs/test-3/00000000000000947731.index.deleted (kafka.log.OffsetIndex)
[2016-12-20 00:11:08,570] INFO Deleting index /tmp/kafka-logs/test-3/00000000000000947731.timeindex.deleted (kafka.log.TimeIndex)
[2016-12-20 00:11:08,571] INFO Deleting index /tmp/kafka-logs/test-0/00000000000000947710.index.deleted (kafka.log.OffsetIndex)
[2016-12-20 00:11:08,572] INFO Deleting index /tmp/kafka-logs/test-0/00000000000000947710.timeindex.deleted (kafka.log.TimeIndex)
[2016-12-20 00:11:10,688] INFO Rolled new log segment for 'test-4' in 1 ms. (kafka.log.Log)
[2016-12-20 00:11:18,570] INFO Scheduling log segment 947658 for log test-4 for deletion. (kafka.log.Log)
