E, [2017-08-17T18:15:08.067497 #48598] ERROR -- Kitchen: ------Exception-------
E, [2017-08-17T18:15:08.067549 #48598] ERROR -- Kitchen: Class: Kitchen::UserError
E, [2017-08-17T18:15:08.067562 #48598] ERROR -- Kitchen: Message: Kitchen YAML file /opt/examples/Miscellaneous/docker/full_stack_example/.kitchen.yml does not exist.
E, [2017-08-17T18:15:08.067571 #48598] ERROR -- Kitchen: ----------------------
E, [2017-08-17T18:15:08.067579 #48598] ERROR -- Kitchen: ------Backtrace-------
E, [2017-08-17T18:15:08.067586 #48598] ERROR -- Kitchen: /Users/dalemcdiarmid/.rvm/gems/ruby-2.3.0/gems/test-kitchen-1.17.0/lib/kitchen/loader/yaml.rb:71:in `read'
E, [2017-08-17T18:15:08.067594 #48598] ERROR -- Kitchen: /Users/dalemcdiarmid/.rvm/gems/ruby-2.3.0/gems/test-kitchen-1.17.0/lib/kitchen/config.rb:147:in `data'
E, [2017-08-17T18:15:08.067603 #48598] ERROR -- Kitchen: /Users/dalemcdiarmid/.rvm/gems/ruby-2.3.0/gems/test-kitchen-1.17.0/lib/kitchen/config.rb:126:in `suites'
E, [2017-08-17T18:15:08.067611 #48598] ERROR -- Kitchen: /Users/dalemcdiarmid/.rvm/gems/ruby-2.3.0/gems/test-kitchen-1.17.0/lib/kitchen/config.rb:177:in `filter_instances'
E, [2017-08-17T18:15:08.067618 #48598] ERROR -- Kitchen: /Users/dalemcdiarmid/.rvm/gems/ruby-2.3.0/gems/test-kitchen-1.17.0/lib/kitchen/config.rb:136:in `build_instances'
E, [2017-08-17T18:15:08.067626 #48598] ERROR -- Kitchen: /Users/dalemcdiarmid/.rvm/gems/ruby-2.3.0/gems/test-kitchen-1.17.0/lib/kitchen/config.rb:112:in `instances'
E, [2017-08-17T18:15:08.067633 #48598] ERROR -- Kitchen: /Users/dalemcdiarmid/.rvm/gems/ruby-2.3.0/gems/test-kitchen-1.17.0/lib/kitchen/command.rb:112:in `filtered_instances'
E, [2017-08-17T18:15:08.067640 #48598] ERROR -- Kitchen: /Users/dalemcdiarmid/.rvm/gems/ruby-2.3.0/gems/test-kitchen-1.17.0/lib/kitchen/command.rb:142:in `parse_subcommand'
E, [2017-08-17T18:15:08.067648 #48598] ERROR -- Kitchen: /Users/dalemcdiarmid/.rvm/gems/ruby-2.3.0/gems/test-kitchen-1.17.0/lib/kitchen/command/list.rb:30:in `call'
E, [2017-08-17T18:15:08.067656 #48598] ERROR -- Kitchen: /Users/dalemcdiarmid/.rvm/gems/ruby-2.3.0/gems/test-kitchen-1.17.0/lib/kitchen/cli.rb:53:in `perform'
E, [2017-08-17T18:15:08.067663 #48598] ERROR -- Kitchen: /Users/dalemcdiarmid/.rvm/gems/ruby-2.3.0/gems/test-kitchen-1.17.0/lib/kitchen/cli.rb:121:in `list'
E, [2017-08-17T18:15:08.067691 #48598] ERROR -- Kitchen: /Users/dalemcdiarmid/.rvm/gems/ruby-2.3.0/gems/thor-0.19.1/lib/thor/command.rb:27:in `run'
E, [2017-08-17T18:15:08.067699 #48598] ERROR -- Kitchen: /Users/dalemcdiarmid/.rvm/gems/ruby-2.3.0/gems/thor-0.19.1/lib/thor/invocation.rb:126:in `invoke_command'
E, [2017-08-17T18:15:08.067708 #48598] ERROR -- Kitchen: /Users/dalemcdiarmid/.rvm/gems/ruby-2.3.0/gems/test-kitchen-1.17.0/lib/kitchen/cli.rb:334:in `invoke_task'
E, [2017-08-17T18:15:08.067716 #48598] ERROR -- Kitchen: /Users/dalemcdiarmid/.rvm/gems/ruby-2.3.0/gems/thor-0.19.1/lib/thor.rb:359:in `dispatch'
E, [2017-08-17T18:15:08.067736 #48598] ERROR -- Kitchen: /Users/dalemcdiarmid/.rvm/gems/ruby-2.3.0/gems/thor-0.19.1/lib/thor/base.rb:440:in `start'
E, [2017-08-17T18:15:08.067743 #48598] ERROR -- Kitchen: /Users/dalemcdiarmid/.rvm/gems/ruby-2.3.0/gems/test-kitchen-1.17.0/bin/kitchen:13:in `block in <top (required)>'
E, [2017-08-17T18:15:08.067750 #48598] ERROR -- Kitchen: /Users/dalemcdiarmid/.rvm/gems/ruby-2.3.0/gems/test-kitchen-1.17.0/lib/kitchen/errors.rb:171:in `with_friendly_errors'
E, [2017-08-17T18:15:08.067757 #48598] ERROR -- Kitchen: /Users/dalemcdiarmid/.rvm/gems/ruby-2.3.0/gems/test-kitchen-1.17.0/bin/kitchen:13:in `<top (required)>'
E, [2017-08-17T18:15:08.067764 #48598] ERROR -- Kitchen: /Users/dalemcdiarmid/.rvm/gems/ruby-2.3.0/bin/kitchen:23:in `load'
E, [2017-08-17T18:15:08.067771 #48598] ERROR -- Kitchen: /Users/dalemcdiarmid/.rvm/gems/ruby-2.3.0/bin/kitchen:23:in `<main>'
E, [2017-08-17T18:15:08.067778 #48598] ERROR -- Kitchen: /Users/dalemcdiarmid/.rvm/gems/ruby-2.3.0/bin/ruby_executable_hooks:15:in `eval'
E, [2017-08-17T18:15:08.067785 #48598] ERROR -- Kitchen: /Users/dalemcdiarmid/.rvm/gems/ruby-2.3.0/bin/ruby_executable_hooks:15:in `<main>'
E, [2017-08-17T18:15:08.067796 #48598] ERROR -- Kitchen: ----End Backtrace-----
