[2016-12-20 00:00:36,888] INFO Deleting segment 912806 from log test-1. (kafka.log.Log)
[2016-12-20 00:00:36,892] INFO Deleting index /tmp/kafka-logs/test-1/00000000000000912806.index.deleted (kafka.log.OffsetIndex)
[2016-12-20 00:00:36,893] INFO Deleting index /tmp/kafka-logs/test-1/00000000000000912806.timeindex.deleted (kafka.log.TimeIndex)
[2016-12-20 00:02:15,916] INFO Rolled new log segment for 'test-5' in 1 ms. (kafka.log.Log)
[2016-12-20 00:02:15,925] INFO Rolled new log segment for 'test-2' in 6 ms. (kafka.log.Log)
[2016-12-20 00:02:17,161] INFO Rolled new log segment for 'test-3' in 1 ms. (kafka.log.Log)
[2016-12-20 00:02:26,887] INFO Scheduling log segment 924414 for log test-2 for deletion. (kafka.log.Log)
[2016-12-20 00:02:26,890] INFO Scheduling log segment 924468 for log test-3 for deletion. (kafka.log.Log)
[2016-12-20 00:02:26,892] INFO Scheduling log segment 924414 for log test-5 for deletion. (kafka.log.Log)
[2016-12-20 00:03:23,762] INFO Rolled new log segment for 'test-1' in 1 ms. (kafka.log.Log)
[2016-12-20 00:03:26,887] INFO Scheduling log segment 924424 for log test-1 for deletion. (kafka.log.Log)
[2016-12-20 00:03:26,891] INFO Deleting segment 924414 from log test-2. (kafka.log.Log)
[2016-12-20 00:03:26,894] INFO Deleting segment 924414 from log test-5. (kafka.log.Log)
[2016-12-20 00:03:26,894] INFO Deleting segment 924468 from log test-3. (kafka.log.Log)
[2016-12-20 00:03:26,895] INFO Deleting index /tmp/kafka-logs/test-2/00000000000000924414.index.deleted (kafka.log.OffsetIndex)
[2016-12-20 00:03:26,896] INFO Deleting index /tmp/kafka-logs/test-2/00000000000000924414.timeindex.deleted (kafka.log.TimeIndex)
[2016-12-20 00:03:26,899] INFO Deleting index /tmp/kafka-logs/test-3/00000000000000924468.index.deleted (kafka.log.OffsetIndex)
[2016-12-20 00:03:26,901] INFO Deleting index /tmp/kafka-logs/test-3/00000000000000924468.timeindex.deleted (kafka.log.TimeIndex)
[2016-12-20 00:03:26,901] INFO Deleting index /tmp/kafka-logs/test-5/00000000000000924414.index.deleted (kafka.log.OffsetIndex)
[2016-12-20 00:03:26,901] INFO Deleting index /tmp/kafka-logs/test-5/00000000000000924414.timeindex.deleted (kafka.log.TimeIndex)
[2016-12-20 00:04:26,889] INFO Deleting segment 924424 from log test-1. (kafka.log.Log)
[2016-12-20 00:04:26,893] INFO Deleting index /tmp/kafka-logs/test-1/00000000000000924424.index.deleted (kafka.log.OffsetIndex)
[2016-12-20 00:04:26,895] INFO Deleting index /tmp/kafka-logs/test-1/00000000000000924424.timeindex.deleted (kafka.log.TimeIndex)
[2016-12-20 00:06:08,938] INFO Rolled new log segment for 'test-5' in 1 ms. (kafka.log.Log)
[2016-12-20 00:06:08,947] INFO Rolled new log segment for 'test-2' in 6 ms. (kafka.log.Log)
[2016-12-20 00:06:09,938] INFO Rolled new log segment for 'test-3' in 2 ms. (kafka.log.Log)
[2016-12-20 00:06:16,887] INFO Scheduling log segment 936034 for log test-2 for deletion. (kafka.log.Log)
[2016-12-20 00:06:16,889] INFO Scheduling log segment 936102 for log test-3 for deletion. (kafka.log.Log)
[2016-12-20 00:06:16,890] INFO Scheduling log segment 936034 for log test-5 for deletion. (kafka.log.Log)
[2016-12-20 00:07:16,659] INFO Rolled new log segment for 'test-1' in 1 ms. (kafka.log.Log)
[2016-12-20 00:07:16,889] INFO Deleting segment 936034 from log test-2. (kafka.log.Log)
[2016-12-20 00:07:16,890] INFO Deleting segment 936102 from log test-3. (kafka.log.Log)
[2016-12-20 00:07:16,891] INFO Deleting index /tmp/kafka-logs/test-3/00000000000000936102.index.deleted (kafka.log.OffsetIndex)
[2016-12-20 00:07:16,891] INFO Deleting index /tmp/kafka-logs/test-3/00000000000000936102.timeindex.deleted (kafka.log.TimeIndex)
[2016-12-20 00:07:16,892] INFO Deleting segment 936034 from log test-5. (kafka.log.Log)
[2016-12-20 00:07:16,892] INFO Deleting index /tmp/kafka-logs/test-5/00000000000000936034.index.deleted (kafka.log.OffsetIndex)
[2016-12-20 00:07:16,893] INFO Deleting index /tmp/kafka-logs/test-2/00000000000000936034.index.deleted (kafka.log.OffsetIndex)
[2016-12-20 00:07:16,893] INFO Deleting index /tmp/kafka-logs/test-5/00000000000000936034.timeindex.deleted (kafka.log.TimeIndex)
[2016-12-20 00:07:16,895] INFO Deleting index /tmp/kafka-logs/test-2/00000000000000936034.timeindex.deleted (kafka.log.TimeIndex)
[2016-12-20 00:07:26,887] INFO Scheduling log segment 936050 for log test-1 for deletion. (kafka.log.Log)
[2016-12-20 00:08:26,888] INFO Deleting segment 936050 from log test-1. (kafka.log.Log)
[2016-12-20 00:08:26,889] INFO Deleting index /tmp/kafka-logs/test-1/00000000000000936050.index.deleted (kafka.log.OffsetIndex)
[2016-12-20 00:08:26,890] INFO Deleting index /tmp/kafka-logs/test-1/00000000000000936050.timeindex.deleted (kafka.log.TimeIndex)
[2016-12-20 00:08:58,294] INFO [Group Metadata Manager on Broker 0]: Removed 0 expired offsets in 0 milliseconds. (kafka.coordinator.GroupMetadataManager)
[2016-12-20 00:10:01,429] INFO Rolled new log segment for 'test-5' in 1 ms. (kafka.log.Log)
[2016-12-20 00:10:01,433] INFO Rolled new log segment for 'test-2' in 1 ms. (kafka.log.Log)
[2016-12-20 00:10:02,172] INFO Rolled new log segment for 'test-3' in 1 ms. (kafka.log.Log)
[2016-12-20 00:10:06,887] INFO Scheduling log segment 947666 for log test-2 for deletion. (kafka.log.Log)
[2016-12-20 00:10:06,888] INFO Scheduling log segment 947731 for log test-3 for deletion. (kafka.log.Log)
[2016-12-20 00:10:06,889] INFO Scheduling log segment 947667 for log test-5 for deletion. (kafka.log.Log)
[2016-12-20 00:11:06,888] INFO Deleting segment 947666 from log test-2. (kafka.log.Log)
[2016-12-20 00:11:06,889] INFO Deleting segment 947731 from log test-3. (kafka.log.Log)
[2016-12-20 00:11:06,889] INFO Deleting index /tmp/kafka-logs/test-2/00000000000000947666.index.deleted (kafka.log.OffsetIndex)
[2016-12-20 00:11:06,890] INFO Deleting index /tmp/kafka-logs/test-2/00000000000000947666.timeindex.deleted (kafka.log.TimeIndex)
[2016-12-20 00:11:06,890] INFO Deleting segment 947667 from log test-5. (kafka.log.Log)
[2016-12-20 00:11:06,891] INFO Deleting index /tmp/kafka-logs/test-3/00000000000000947731.index.deleted (kafka.log.OffsetIndex)
[2016-12-20 00:11:06,891] INFO Deleting index /tmp/kafka-logs/test-3/00000000000000947731.timeindex.deleted (kafka.log.TimeIndex)
[2016-12-20 00:11:06,897] INFO Deleting index /tmp/kafka-logs/test-5/00000000000000947667.index.deleted (kafka.log.OffsetIndex)
[2016-12-20 00:11:06,898] INFO Deleting index /tmp/kafka-logs/test-5/00000000000000947667.timeindex.deleted (kafka.log.TimeIndex)
[2016-12-20 00:11:11,219] INFO Rolled new log segment for 'test-1' in 1 ms. (kafka.log.Log)
