E, [2017-01-05T10:40:01.429642 #45503] ERROR -- Kitchen: ------Exception-------
E, [2017-01-05T10:40:01.429751 #45503] ERROR -- Kitchen: Class: Kitchen::UserError
E, [2017-01-05T10:40:01.429789 #45503] ERROR -- Kitchen: Message: Kitchen YAML file /opt/demos/examples/Security_Analytics/ssh_analysis/.kitchen.yml does not exist.
E, [2017-01-05T10:40:01.429824 #45503] ERROR -- Kitchen: ------Backtrace-------
E, [2017-01-05T10:40:01.429841 #45503] ERROR -- Kitchen: /Users/dale/.rvm/gems/ruby-2.3.0/gems/test-kitchen-1.8.0/lib/kitchen/loader/yaml.rb:74:in `read'
E, [2017-01-05T10:40:01.429854 #45503] ERROR -- Kitchen: /Users/dale/.rvm/gems/ruby-2.3.0/gems/test-kitchen-1.8.0/lib/kitchen/config.rb:149:in `data'
E, [2017-01-05T10:40:01.429865 #45503] ERROR -- Kitchen: /Users/dale/.rvm/gems/ruby-2.3.0/gems/test-kitchen-1.8.0/lib/kitchen/config.rb:128:in `suites'
E, [2017-01-05T10:40:01.429875 #45503] ERROR -- Kitchen: /Users/dale/.rvm/gems/ruby-2.3.0/gems/test-kitchen-1.8.0/lib/kitchen/config.rb:179:in `filter_instances'
E, [2017-01-05T10:40:01.429886 #45503] ERROR -- Kitchen: /Users/dale/.rvm/gems/ruby-2.3.0/gems/test-kitchen-1.8.0/lib/kitchen/config.rb:138:in `build_instances'
E, [2017-01-05T10:40:01.429896 #45503] ERROR -- Kitchen: /Users/dale/.rvm/gems/ruby-2.3.0/gems/test-kitchen-1.8.0/lib/kitchen/config.rb:114:in `instances'
E, [2017-01-05T10:40:01.429907 #45503] ERROR -- Kitchen: /Users/dale/.rvm/gems/ruby-2.3.0/gems/test-kitchen-1.8.0/lib/kitchen/command.rb:115:in `filtered_instances'
E, [2017-01-05T10:40:01.429956 #45503] ERROR -- Kitchen: /Users/dale/.rvm/gems/ruby-2.3.0/gems/test-kitchen-1.8.0/lib/kitchen/command.rb:145:in `parse_subcommand'
E, [2017-01-05T10:40:01.429966 #45503] ERROR -- Kitchen: /Users/dale/.rvm/gems/ruby-2.3.0/gems/test-kitchen-1.8.0/lib/kitchen/command/list.rb:32:in `call'
E, [2017-01-05T10:40:01.429976 #45503] ERROR -- Kitchen: /Users/dale/.rvm/gems/ruby-2.3.0/gems/test-kitchen-1.8.0/lib/kitchen/cli.rb:56:in `perform'
E, [2017-01-05T10:40:01.429986 #45503] ERROR -- Kitchen: /Users/dale/.rvm/gems/ruby-2.3.0/gems/test-kitchen-1.8.0/lib/kitchen/cli.rb:116:in `list'
E, [2017-01-05T10:40:01.429996 #45503] ERROR -- Kitchen: /Users/dale/.rvm/gems/ruby-2.3.0/gems/thor-0.19.1/lib/thor/command.rb:27:in `run'
E, [2017-01-05T10:40:01.430006 #45503] ERROR -- Kitchen: /Users/dale/.rvm/gems/ruby-2.3.0/gems/thor-0.19.1/lib/thor/invocation.rb:126:in `invoke_command'
E, [2017-01-05T10:40:01.430055 #45503] ERROR -- Kitchen: /Users/dale/.rvm/gems/ruby-2.3.0/gems/test-kitchen-1.8.0/lib/kitchen/cli.rb:321:in `invoke_task'
E, [2017-01-05T10:40:01.430099 #45503] ERROR -- Kitchen: /Users/dale/.rvm/gems/ruby-2.3.0/gems/thor-0.19.1/lib/thor.rb:359:in `dispatch'
E, [2017-01-05T10:40:01.430120 #45503] ERROR -- Kitchen: /Users/dale/.rvm/gems/ruby-2.3.0/gems/thor-0.19.1/lib/thor/base.rb:440:in `start'
E, [2017-01-05T10:40:01.430130 #45503] ERROR -- Kitchen: /Users/dale/.rvm/gems/ruby-2.3.0/gems/test-kitchen-1.8.0/bin/kitchen:13:in `block in <top (required)>'
E, [2017-01-05T10:40:01.430140 #45503] ERROR -- Kitchen: /Users/dale/.rvm/gems/ruby-2.3.0/gems/test-kitchen-1.8.0/lib/kitchen/errors.rb:154:in `with_friendly_errors'
E, [2017-01-05T10:40:01.430150 #45503] ERROR -- Kitchen: /Users/dale/.rvm/gems/ruby-2.3.0/gems/test-kitchen-1.8.0/bin/kitchen:13:in `<top (required)>'
E, [2017-01-05T10:40:01.430174 #45503] ERROR -- Kitchen: /Users/dale/.rvm/gems/ruby-2.3.0/bin/kitchen:23:in `load'
E, [2017-01-05T10:40:01.430186 #45503] ERROR -- Kitchen: /Users/dale/.rvm/gems/ruby-2.3.0/bin/kitchen:23:in `<main>'
E, [2017-01-05T10:40:01.430195 #45503] ERROR -- Kitchen: /Users/dale/.rvm/gems/ruby-2.3.0/bin/ruby_executable_hooks:15:in `eval'
E, [2017-01-05T10:40:01.430205 #45503] ERROR -- Kitchen: /Users/dale/.rvm/gems/ruby-2.3.0/bin/ruby_executable_hooks:15:in `<main>'
E, [2017-01-05T10:40:01.430215 #45503] ERROR -- Kitchen: ----------------------
